
running 1 test
chunk {
  constants: ["a", "b", true, false, "dura", "alo"],
  instructions: [
    getf 1 1,
    ldc  0, // "a"
    ldc  1, // "b"
    carr 2,
    call 1,
    setl 1,
    pshf  ,
    getf 2 0,
    getl 1 1,
    call 1,
    copy  ,
    iins 0 0,
    copy  ,
    jmpf 5, // possible jump to pop   
    pop   ,
    getp 0,
    setl 0,
    ldc  2, // true
    pop   ,
    ldc  3, // false
    jmpf 12, // possible jump to popf  
    getl 1 0,
    ldc  4, // "dura"
    call 1,
    getl 1 0,
    getl 0 0,
    call 1,
    getl 1 0,
    ldc  5, // "alo"
    call 1,
    popf  ,
    jmp  -25, // jump to pshf  
    popf  ,
    halt  , 
  ]
}
/*** LOCALS START ***/
function
struct {
  value: ["a", "b"],
  index: 1
}
/*** LOCALS END ***/
/*** STACK START ***/
/*** STACK END ***/
test tests::chaotic_test ... ok

test result: ok. 1 passed; 0 failed; 0 ignored; 0 measured; 0 filtered out; finished in 0.00s


running 0 tests

test result: ok. 0 passed; 0 failed; 0 ignored; 0 measured; 0 filtered out; finished in 0.00s

